{"/home/jeroen-work/Documents/District01/Projects/AcPaaS CMS/helpers/wcm-mail-helper/src/index.js":{"path":"/home/jeroen-work/Documents/District01/Projects/AcPaaS CMS/helpers/wcm-mail-helper/src/index.js","s":{"1":5,"2":5},"b":{},"f":{},"fnMap":{},"statementMap":{"1":{"start":{"line":3,"column":0},"end":{"line":3,"column":22}},"2":{"start":{"line":5,"column":0},"end":{"line":11,"column":2}}},"branchMap":{}},"/home/jeroen-work/Documents/District01/Projects/AcPaaS CMS/helpers/wcm-mail-helper/src/compileAndSend.js":{"path":"/home/jeroen-work/Documents/District01/Projects/AcPaaS CMS/helpers/wcm-mail-helper/src/compileAndSend.js","s":{"1":5,"2":5,"3":5,"4":5,"5":7,"6":7,"7":7,"8":7,"9":5,"10":5,"11":2},"b":{},"f":{"1":7,"2":5,"3":2},"fnMap":{"1":{"name":"(anonymous_1)","line":8,"loc":{"start":{"line":8,"column":17},"end":{"line":8,"column":35}}},"2":{"name":"onSuccess","line":20,"loc":{"start":{"line":20,"column":12},"end":{"line":20,"column":45}}},"3":{"name":"onError","line":25,"loc":{"start":{"line":25,"column":12},"end":{"line":25,"column":44}}}},"statementMap":{"1":{"start":{"line":3,"column":0},"end":{"line":3,"column":22}},"2":{"start":{"line":5,"column":0},"end":{"line":5,"column":75}},"3":{"start":{"line":6,"column":0},"end":{"line":6,"column":29}},"4":{"start":{"line":8,"column":0},"end":{"line":29,"column":2}},"5":{"start":{"line":9,"column":4},"end":{"line":13,"column":6}},"6":{"start":{"line":15,"column":4},"end":{"line":15,"column":44}},"7":{"start":{"line":16,"column":4},"end":{"line":16,"column":44}},"8":{"start":{"line":18,"column":4},"end":{"line":28,"column":10}},"9":{"start":{"line":21,"column":16},"end":{"line":21,"column":49}},"10":{"start":{"line":23,"column":16},"end":{"line":23,"column":56}},"11":{"start":{"line":26,"column":16},"end":{"line":26,"column":36}}},"branchMap":{}},"/home/jeroen-work/Documents/District01/Projects/AcPaaS CMS/helpers/wcm-mail-helper/src/generateHtmlFromTemplate.js":{"path":"/home/jeroen-work/Documents/District01/Projects/AcPaaS CMS/helpers/wcm-mail-helper/src/generateHtmlFromTemplate.js","s":{"1":5,"2":5,"3":5,"4":5,"5":10,"6":10,"7":6,"8":4,"9":4,"10":2,"11":2,"12":4,"13":5,"14":4,"15":2,"16":2,"17":5,"18":17,"19":3,"20":14,"21":5,"22":5,"23":5,"24":12},"b":{"1":[6,4],"2":[2,2],"3":[2,2],"4":[3,14],"5":[17,9],"6":[1,2],"7":[4,10]},"f":{"1":10,"2":4,"3":4,"4":17,"5":5,"6":12},"fnMap":{"1":{"name":"_getNunjucksTemplate","line":7,"loc":{"start":{"line":7,"column":27},"end":{"line":7,"column":66}}},"2":{"name":"(anonymous_2)","line":14,"loc":{"start":{"line":14,"column":55},"end":{"line":14,"column":79}}},"3":{"name":"_getNunjucksTemplateSync","line":25,"loc":{"start":{"line":25,"column":31},"end":{"line":25,"column":74}}},"4":{"name":"(anonymous_4)","line":33,"loc":{"start":{"line":33,"column":15},"end":{"line":33,"column":41}}},"5":{"name":"(anonymous_5)","line":41,"loc":{"start":{"line":41,"column":22},"end":{"line":41,"column":40}}},"6":{"name":"(anonymous_6)","line":45,"loc":{"start":{"line":45,"column":23},"end":{"line":45,"column":41}}}},"statementMap":{"1":{"start":{"line":3,"column":0},"end":{"line":3,"column":22}},"2":{"start":{"line":4,"column":0},"end":{"line":4,"column":21}},"3":{"start":{"line":5,"column":0},"end":{"line":5,"column":35}},"4":{"start":{"line":7,"column":0},"end":{"line":23,"column":2}},"5":{"start":{"line":8,"column":4},"end":{"line":8,"column":22}},"6":{"start":{"line":10,"column":4},"end":{"line":12,"column":5}},"7":{"start":{"line":11,"column":8},"end":{"line":11,"column":77}},"8":{"start":{"line":14,"column":4},"end":{"line":20,"column":7}},"9":{"start":{"line":15,"column":8},"end":{"line":17,"column":9}},"10":{"start":{"line":16,"column":12},"end":{"line":16,"column":33}},"11":{"start":{"line":19,"column":8},"end":{"line":19,"column":35}},"12":{"start":{"line":22,"column":4},"end":{"line":22,"column":21}},"13":{"start":{"line":25,"column":0},"end":{"line":31,"column":2}},"14":{"start":{"line":26,"column":4},"end":{"line":28,"column":5}},"15":{"start":{"line":27,"column":8},"end":{"line":27,"column":69}},"16":{"start":{"line":30,"column":4},"end":{"line":30,"column":62}},"17":{"start":{"line":33,"column":0},"end":{"line":39,"column":2}},"18":{"start":{"line":34,"column":4},"end":{"line":36,"column":5}},"19":{"start":{"line":35,"column":8},"end":{"line":35,"column":74}},"20":{"start":{"line":38,"column":4},"end":{"line":38,"column":86}},"21":{"start":{"line":41,"column":0},"end":{"line":43,"column":2}},"22":{"start":{"line":42,"column":4},"end":{"line":42,"column":35}},"23":{"start":{"line":45,"column":0},"end":{"line":47,"column":2}},"24":{"start":{"line":46,"column":4},"end":{"line":46,"column":36}}},"branchMap":{"1":{"line":10,"type":"if","locations":[{"start":{"line":10,"column":4},"end":{"line":10,"column":4}},{"start":{"line":10,"column":4},"end":{"line":10,"column":4}}]},"2":{"line":15,"type":"if","locations":[{"start":{"line":15,"column":8},"end":{"line":15,"column":8}},{"start":{"line":15,"column":8},"end":{"line":15,"column":8}}]},"3":{"line":26,"type":"if","locations":[{"start":{"line":26,"column":4},"end":{"line":26,"column":4}},{"start":{"line":26,"column":4},"end":{"line":26,"column":4}}]},"4":{"line":34,"type":"if","locations":[{"start":{"line":34,"column":4},"end":{"line":34,"column":4}},{"start":{"line":34,"column":4},"end":{"line":34,"column":4}}]},"5":{"line":34,"type":"binary-expr","locations":[{"start":{"line":34,"column":8},"end":{"line":34,"column":25}},{"start":{"line":34,"column":29},"end":{"line":34,"column":49}}]},"6":{"line":35,"type":"cond-expr","locations":[{"start":{"line":35,"column":24},"end":{"line":35,"column":29}},{"start":{"line":35,"column":32},"end":{"line":35,"column":73}}]},"7":{"line":38,"type":"cond-expr","locations":[{"start":{"line":38,"column":20},"end":{"line":38,"column":53}},{"start":{"line":38,"column":56},"end":{"line":38,"column":85}}]}}},"/home/jeroen-work/Documents/District01/Projects/AcPaaS CMS/helpers/wcm-mail-helper/src/send.js":{"path":"/home/jeroen-work/Documents/District01/Projects/AcPaaS CMS/helpers/wcm-mail-helper/src/send.js","s":{"1":5,"2":5,"3":5,"4":5,"5":5,"6":5,"7":5,"8":6,"9":0,"10":6,"11":6,"12":6,"13":6,"14":6,"15":5,"16":6,"17":6,"18":4,"19":2,"20":2,"21":6,"22":6,"23":0,"24":5,"25":8,"26":2,"27":6,"28":6,"29":6,"30":0,"31":6,"32":6,"33":6,"34":6,"35":6,"36":0,"37":6,"38":6,"39":6,"40":0,"41":6,"42":6},"b":{"1":[0,6],"2":[6,6],"3":[6,0],"4":[6,6,6],"5":[4,2],"6":[6,4,4,4],"7":[2,0],"8":[6,0],"9":[2,6],"10":[6,0],"11":[0,6],"12":[6,2],"13":[6,0],"14":[6,6],"15":[0,6],"16":[0,6]},"f":{"1":6,"2":6,"3":8,"4":6},"fnMap":{"1":{"name":"_getSenderConfig","line":11,"loc":{"start":{"line":11,"column":23},"end":{"line":11,"column":63}}},"2":{"name":"_getTransporter","line":42,"loc":{"start":{"line":42,"column":22},"end":{"line":42,"column":61}}},"3":{"name":"send","line":58,"loc":{"start":{"line":58,"column":17},"end":{"line":58,"column":58}}},"4":{"name":"(anonymous_4)","line":83,"loc":{"start":{"line":83,"column":38},"end":{"line":83,"column":58}}}},"statementMap":{"1":{"start":{"line":3,"column":0},"end":{"line":3,"column":20}},"2":{"start":{"line":4,"column":0},"end":{"line":4,"column":21}},"3":{"start":{"line":5,"column":0},"end":{"line":5,"column":26}},"4":{"start":{"line":6,"column":0},"end":{"line":6,"column":39}},"5":{"start":{"line":7,"column":0},"end":{"line":7,"column":33}},"6":{"start":{"line":9,"column":0},"end":{"line":9,"column":33}},"7":{"start":{"line":11,"column":0},"end":{"line":40,"column":2}},"8":{"start":{"line":12,"column":4},"end":{"line":14,"column":5}},"9":{"start":{"line":13,"column":8},"end":{"line":13,"column":20}},"10":{"start":{"line":16,"column":4},"end":{"line":19,"column":6}},"11":{"start":{"line":22,"column":4},"end":{"line":37,"column":5}},"12":{"start":{"line":27,"column":8},"end":{"line":34,"column":10}},"13":{"start":{"line":36,"column":8},"end":{"line":36,"column":82}},"14":{"start":{"line":39,"column":4},"end":{"line":39,"column":18}},"15":{"start":{"line":42,"column":0},"end":{"line":56,"column":2}},"16":{"start":{"line":43,"column":4},"end":{"line":43,"column":16}},"17":{"start":{"line":45,"column":4},"end":{"line":49,"column":5}},"18":{"start":{"line":46,"column":8},"end":{"line":46,"column":67}},"19":{"start":{"line":47,"column":11},"end":{"line":49,"column":5}},"20":{"start":{"line":48,"column":8},"end":{"line":48,"column":49}},"21":{"start":{"line":51,"column":4},"end":{"line":53,"column":5}},"22":{"start":{"line":52,"column":8},"end":{"line":52,"column":51}},"23":{"start":{"line":55,"column":4},"end":{"line":55,"column":47}},"24":{"start":{"line":58,"column":0},"end":{"line":97,"column":2}},"25":{"start":{"line":59,"column":4},"end":{"line":61,"column":5}},"26":{"start":{"line":60,"column":8},"end":{"line":60,"column":72}},"27":{"start":{"line":63,"column":4},"end":{"line":73,"column":5}},"28":{"start":{"line":64,"column":8},"end":{"line":64,"column":23}},"29":{"start":{"line":66,"column":8},"end":{"line":70,"column":9}},"30":{"start":{"line":67,"column":12},"end":{"line":67,"column":54}},"31":{"start":{"line":68,"column":15},"end":{"line":70,"column":9}},"32":{"start":{"line":69,"column":12},"end":{"line":69,"column":54}},"33":{"start":{"line":72,"column":8},"end":{"line":72,"column":52}},"34":{"start":{"line":75,"column":4},"end":{"line":75,"column":52}},"35":{"start":{"line":77,"column":4},"end":{"line":79,"column":5}},"36":{"start":{"line":78,"column":8},"end":{"line":78,"column":52}},"37":{"start":{"line":81,"column":4},"end":{"line":81,"column":22}},"38":{"start":{"line":83,"column":4},"end":{"line":94,"column":7}},"39":{"start":{"line":84,"column":8},"end":{"line":89,"column":9}},"40":{"start":{"line":85,"column":12},"end":{"line":88,"column":15}},"41":{"start":{"line":91,"column":8},"end":{"line":93,"column":11}},"42":{"start":{"line":96,"column":4},"end":{"line":96,"column":21}}},"branchMap":{"1":{"line":12,"type":"if","locations":[{"start":{"line":12,"column":4},"end":{"line":12,"column":4}},{"start":{"line":12,"column":4},"end":{"line":12,"column":4}}]},"2":{"line":12,"type":"binary-expr","locations":[{"start":{"line":12,"column":8},"end":{"line":12,"column":21}},{"start":{"line":12,"column":25},"end":{"line":12,"column":48}}]},"3":{"line":22,"type":"if","locations":[{"start":{"line":22,"column":4},"end":{"line":22,"column":4}},{"start":{"line":22,"column":4},"end":{"line":22,"column":4}}]},"4":{"line":23,"type":"binary-expr","locations":[{"start":{"line":23,"column":8},"end":{"line":23,"column":43}},{"start":{"line":24,"column":8},"end":{"line":24,"column":51}},{"start":{"line":25,"column":8},"end":{"line":25,"column":45}}]},"5":{"line":45,"type":"if","locations":[{"start":{"line":45,"column":4},"end":{"line":45,"column":4}},{"start":{"line":45,"column":4},"end":{"line":45,"column":4}}]},"6":{"line":45,"type":"binary-expr","locations":[{"start":{"line":45,"column":8},"end":{"line":45,"column":21}},{"start":{"line":45,"column":26},"end":{"line":45,"column":32}},{"start":{"line":45,"column":36},"end":{"line":45,"column":48}},{"start":{"line":45,"column":52},"end":{"line":45,"column":69}}]},"7":{"line":47,"type":"if","locations":[{"start":{"line":47,"column":11},"end":{"line":47,"column":11}},{"start":{"line":47,"column":11},"end":{"line":47,"column":11}}]},"8":{"line":51,"type":"if","locations":[{"start":{"line":51,"column":4},"end":{"line":51,"column":4}},{"start":{"line":51,"column":4},"end":{"line":51,"column":4}}]},"9":{"line":59,"type":"if","locations":[{"start":{"line":59,"column":4},"end":{"line":59,"column":4}},{"start":{"line":59,"column":4},"end":{"line":59,"column":4}}]},"10":{"line":63,"type":"if","locations":[{"start":{"line":63,"column":4},"end":{"line":63,"column":4}},{"start":{"line":63,"column":4},"end":{"line":63,"column":4}}]},"11":{"line":66,"type":"if","locations":[{"start":{"line":66,"column":8},"end":{"line":66,"column":8}},{"start":{"line":66,"column":8},"end":{"line":66,"column":8}}]},"12":{"line":66,"type":"binary-expr","locations":[{"start":{"line":66,"column":12},"end":{"line":66,"column":24}},{"start":{"line":66,"column":28},"end":{"line":66,"column":48}}]},"13":{"line":68,"type":"if","locations":[{"start":{"line":68,"column":15},"end":{"line":68,"column":15}},{"start":{"line":68,"column":15},"end":{"line":68,"column":15}}]},"14":{"line":68,"type":"binary-expr","locations":[{"start":{"line":68,"column":19},"end":{"line":68,"column":31}},{"start":{"line":68,"column":35},"end":{"line":68,"column":55}}]},"15":{"line":77,"type":"if","locations":[{"start":{"line":77,"column":4},"end":{"line":77,"column":4}},{"start":{"line":77,"column":4},"end":{"line":77,"column":4}}]},"16":{"line":84,"type":"if","locations":[{"start":{"line":84,"column":8},"end":{"line":84,"column":8}},{"start":{"line":84,"column":8},"end":{"line":84,"column":8}}]}}},"/home/jeroen-work/Documents/District01/Projects/AcPaaS CMS/helpers/wcm-mail-helper/src/generateMailOptions.js":{"path":"/home/jeroen-work/Documents/District01/Projects/AcPaaS CMS/helpers/wcm-mail-helper/src/generateMailOptions.js","s":{"1":5,"2":5,"3":5,"4":4,"5":2,"6":2,"7":1,"8":2},"b":{"1":[2,2],"2":[4,3],"3":[1,1]},"f":{"1":4},"fnMap":{"1":{"name":"generateMailOptions","line":6,"loc":{"start":{"line":6,"column":17},"end":{"line":6,"column":71}}}},"statementMap":{"1":{"start":{"line":3,"column":0},"end":{"line":3,"column":22}},"2":{"start":{"line":4,"column":0},"end":{"line":4,"column":26}},"3":{"start":{"line":6,"column":0},"end":{"line":21,"column":2}},"4":{"start":{"line":7,"column":4},"end":{"line":9,"column":5}},"5":{"start":{"line":8,"column":8},"end":{"line":8,"column":20}},"6":{"start":{"line":11,"column":4},"end":{"line":13,"column":5}},"7":{"start":{"line":12,"column":8},"end":{"line":12,"column":27}},"8":{"start":{"line":15,"column":4},"end":{"line":20,"column":6}}},"branchMap":{"1":{"line":7,"type":"if","locations":[{"start":{"line":7,"column":4},"end":{"line":7,"column":4}},{"start":{"line":7,"column":4},"end":{"line":7,"column":4}}]},"2":{"line":7,"type":"binary-expr","locations":[{"start":{"line":7,"column":8},"end":{"line":7,"column":11}},{"start":{"line":7,"column":15},"end":{"line":7,"column":20}}]},"3":{"line":11,"type":"if","locations":[{"start":{"line":11,"column":4},"end":{"line":11,"column":4}},{"start":{"line":11,"column":4},"end":{"line":11,"column":4}}]}}}}