TN:
SF:/home/jeroen-work/Documents/District01/Projects/AcPaaS CMS/helpers/wcm-mail-helper/src/index.js
FNF:0
FNH:0
DA:3,5
DA:5,5
LF:2
LH:2
BRF:0
BRH:0
end_of_record
TN:
SF:/home/jeroen-work/Documents/District01/Projects/AcPaaS CMS/helpers/wcm-mail-helper/src/compileAndSend.js
FN:8,(anonymous_1)
FN:20,onSuccess
FN:25,onError
FNF:3
FNH:3
FNDA:7,(anonymous_1)
FNDA:5,onSuccess
FNDA:2,onError
DA:3,5
DA:5,5
DA:6,5
DA:8,5
DA:9,7
DA:15,7
DA:16,7
DA:18,7
DA:21,5
DA:23,5
DA:26,2
LF:11
LH:11
BRF:0
BRH:0
end_of_record
TN:
SF:/home/jeroen-work/Documents/District01/Projects/AcPaaS CMS/helpers/wcm-mail-helper/src/generateHtmlFromTemplate.js
FN:7,_getNunjucksTemplate
FN:14,(anonymous_2)
FN:25,_getNunjucksTemplateSync
FN:33,(anonymous_4)
FN:41,(anonymous_5)
FN:45,(anonymous_6)
FNF:6
FNH:6
FNDA:10,_getNunjucksTemplate
FNDA:4,(anonymous_2)
FNDA:4,_getNunjucksTemplateSync
FNDA:17,(anonymous_4)
FNDA:5,(anonymous_5)
FNDA:12,(anonymous_6)
DA:3,5
DA:4,5
DA:5,5
DA:7,5
DA:8,10
DA:10,10
DA:11,6
DA:14,4
DA:15,4
DA:16,2
DA:19,2
DA:22,4
DA:25,5
DA:26,4
DA:27,2
DA:30,2
DA:33,5
DA:34,17
DA:35,3
DA:38,14
DA:41,5
DA:42,5
DA:45,5
DA:46,12
LF:24
LH:24
BRDA:10,1,0,6
BRDA:10,1,1,4
BRDA:15,2,0,2
BRDA:15,2,1,2
BRDA:26,3,0,2
BRDA:26,3,1,2
BRDA:34,4,0,3
BRDA:34,4,1,14
BRDA:34,5,0,17
BRDA:34,5,1,9
BRDA:35,6,0,1
BRDA:35,6,1,2
BRDA:38,7,0,4
BRDA:38,7,1,10
BRF:14
BRH:14
end_of_record
TN:
SF:/home/jeroen-work/Documents/District01/Projects/AcPaaS CMS/helpers/wcm-mail-helper/src/send.js
FN:11,_getSenderConfig
FN:42,_getTransporter
FN:58,send
FN:83,(anonymous_4)
FNF:4
FNH:4
FNDA:6,_getSenderConfig
FNDA:6,_getTransporter
FNDA:8,send
FNDA:6,(anonymous_4)
DA:3,5
DA:4,5
DA:5,5
DA:6,5
DA:7,5
DA:9,5
DA:11,5
DA:12,6
DA:13,0
DA:16,6
DA:22,6
DA:27,6
DA:36,6
DA:39,6
DA:42,5
DA:43,6
DA:45,6
DA:46,4
DA:47,2
DA:48,2
DA:51,6
DA:52,6
DA:55,0
DA:58,5
DA:59,8
DA:60,2
DA:63,6
DA:64,6
DA:66,6
DA:67,0
DA:68,6
DA:69,6
DA:72,6
DA:75,6
DA:77,6
DA:78,0
DA:81,6
DA:83,6
DA:84,6
DA:85,0
DA:91,6
DA:96,6
LF:42
LH:37
BRDA:12,1,0,0
BRDA:12,1,1,6
BRDA:12,2,0,6
BRDA:12,2,1,6
BRDA:22,3,0,6
BRDA:22,3,1,0
BRDA:23,4,0,6
BRDA:23,4,1,6
BRDA:23,4,2,6
BRDA:45,5,0,4
BRDA:45,5,1,2
BRDA:45,6,0,6
BRDA:45,6,1,4
BRDA:45,6,2,4
BRDA:45,6,3,4
BRDA:47,7,0,2
BRDA:47,7,1,0
BRDA:51,8,0,6
BRDA:51,8,1,0
BRDA:59,9,0,2
BRDA:59,9,1,6
BRDA:63,10,0,6
BRDA:63,10,1,0
BRDA:66,11,0,0
BRDA:66,11,1,6
BRDA:66,12,0,6
BRDA:66,12,1,2
BRDA:68,13,0,6
BRDA:68,13,1,0
BRDA:68,14,0,6
BRDA:68,14,1,6
BRDA:77,15,0,0
BRDA:77,15,1,6
BRDA:84,16,0,0
BRDA:84,16,1,6
BRF:35
BRH:26
end_of_record
TN:
SF:/home/jeroen-work/Documents/District01/Projects/AcPaaS CMS/helpers/wcm-mail-helper/src/generateMailOptions.js
FN:6,generateMailOptions
FNF:1
FNH:1
FNDA:4,generateMailOptions
DA:3,5
DA:4,5
DA:6,5
DA:7,4
DA:8,2
DA:11,2
DA:12,1
DA:15,2
LF:8
LH:8
BRDA:7,1,0,2
BRDA:7,1,1,2
BRDA:7,2,0,4
BRDA:7,2,1,3
BRDA:11,3,0,1
BRDA:11,3,1,1
BRF:6
BRH:6
end_of_record
